<?xml version="1.0" encoding="UTF-8"?>
<testsuite name="TestSuite" time="12.692" tests="4" errors="0" skipped="3" failures="1">
  <properties>
[...]
</properties>
  <testcase name="LogIn" classname="com.pfl.automation.org62.testcases.TS02_Administration_verify_program" time="12.692">
    <failure type="java.lang.NullPointerException:">java.lang.NullPointerException: null
	at com.pfl.automation.base.BaseTest.LogIn(BaseTest.java:138)
	at sun.reflect.NativeMethodAccessorImpl.invoke0(Native Method)
	at sun.reflect.NativeMethodAccessorImpl.invoke(NativeMethodAccessorImpl.java:62)
	at sun.reflect.DelegatingMethodAccessorImpl.invoke(DelegatingMethodAccessorImpl.java:43)
	at java.lang.reflect.Method.invoke(Method.java:498)
	at org.testng.internal.MethodInvocationHelper.invokeMethod(MethodInvocationHelper.java:104)
	at org.testng.internal.Invoker.invokeConfigurationMethod(Invoker.java:515)
	at org.testng.internal.Invoker.invokeConfigurations(Invoker.java:217)
	at org.testng.internal.Invoker.invokeMethod(Invoker.java:590)
	at org.testng.internal.Invoker.invokeTestMethod(Invoker.java:851)
	at org.testng.internal.Invoker.invokeTestMethods(Invoker.java:1177)
	at org.testng.internal.TestMethodWorker.invokeTestMethods(TestMethodWorker.java:129)
	at org.testng.internal.TestMethodWorker.run(TestMethodWorker.java:112)
	at org.testng.TestRunner.privateRun(TestRunner.java:756)
	at org.testng.TestRunner.run(TestRunner.java:610)
	at org.testng.SuiteRunner.runTest(SuiteRunner.java:387)
	at org.testng.SuiteRunner.runSequentially(SuiteRunner.java:382)
	at org.testng.SuiteRunner.privateRun(SuiteRunner.java:340)
	at org.testng.SuiteRunner.run(SuiteRunner.java:289)
	at org.testng.SuiteRunnerWorker.runSuite(SuiteRunnerWorker.java:52)
	at org.testng.SuiteRunnerWorker.run(SuiteRunnerWorker.java:86)
	at org.testng.TestNG.runSuitesSequentially(TestNG.java:1293)
	at org.testng.TestNG.runSuitesLocally(TestNG.java:1218)
	at org.testng.TestNG.runSuites(TestNG.java:1133)
	at org.testng.TestNG.run(TestNG.java:1104)
	at org.apache.maven.surefire.testng.TestNGExecutor.run(TestNGExecutor.java:295)
	at org.apache.maven.surefire.testng.TestNGXmlTestSuite.execute(TestNGXmlTestSuite.java:84)
	at org.apache.maven.surefire.testng.TestNGProvider.invoke(TestNGProvider.java:90)
	at org.apache.maven.surefire.booter.ForkedBooter.invokeProviderInSameClassLoader(ForkedBooter.java:203)
	at org.apache.maven.surefire.booter.ForkedBooter.runSuitesInProcess(ForkedBooter.java:155)
	at org.apache.maven.surefire.booter.ForkedBooter.main(ForkedBooter.java:103)
</failure>
    <system-out><![CDATA[Log and Result Files are deleted
2019-05-08 17:08:11,243 INFO  [Log] Open Browser Successfully 
2019-05-08 17:08:15,636 INFO  [Log] Chrome browser initilized Successfully 
User load login Page Successfully
https://login.salesforce.com/
2019-05-08 17:08:22,757 INFO  [Log] URL load Successfully 
Open Browser and Load the URL
]]></system-out>
    <system-err><![CDATA[log4j:WARN No appenders could be found for logger (com.pfl.automation.utils.Log).
log4j:WARN Please initialize the log4j system properly.
Starting ChromeDriver 73.0.3683.68 (47787ec04b6e38e22703e856e101e840b65afe72) on port 1797
Only local connections are allowed.
Please protect ports used by ChromeDriver and related test frameworks to prevent access by malicious code.
May 08, 2019 5:08:15 PM org.openqa.selenium.remote.ProtocolHandshake createSession
INFO: Detected dialect: OSS
]]></system-err>
  </testcase>
  <testcase name="TC01_Verify_base_program_Visible_Under_Send_Marketing_Material_program_associated_user" classname="com.pfl.automation.org62.testcases.TS02_Administration_verify_program" time="0">
    <skipped/>
  </testcase>
  <testcase name="Logout" classname="com.pfl.automation.org62.testcases.TS02_Administration_verify_program" time="0">
    <skipped/>
  </testcase>
  <testcase name="tearDown" classname="com.pfl.automation.org62.testcases.TS02_Administration_verify_program" time="0">
    <skipped/>
  </testcase>
</testsuite>