<?xml version="1.0" encoding="UTF-8"?>
<!-- Generated by org.testng.reporters.JUnitXMLReporter -->
<testsuite hostname="PFL-TEST" ignored="0" name="TestCase8" tests="2" failures="0" timestamp="08 May 2019 08:06:08 GMT" time="140.002" errors="0">
  <testcase name="TS_08_01_Verify_the_header_SwagIQ_Licenses_Administration_of_License_tab" time="84.167" classname="com.pfl.automation.org62.testcases.TS_08_verify_changes_when_swagig_license_assign"/>
  <testcase name="TS_08_DataReset" time="44.96" classname="com.pfl.automation.org62.testcases.TS_08_verify_changes_when_swagig_license_assign"/>
</testsuite> <!-- TestCase8 -->
