<?xml version="1.0" encoding="UTF-8"?>
<!-- Generated by org.testng.reporters.JUnitXMLReporter -->
<testsuite hostname="PFL-TEST" ignored="0" name="TestCase15" tests="1" failures="0" timestamp="08 May 2019 08:15:45 GMT" time="212.768" errors="0">
  <testcase name="TS_15_01_Verify_that_validation_message_displayed_to_user_if_no_program_is_associated_to_user_on_send_swag_screen" time="201.001" classname="com.pfl.automation.org62.testcases.TS_15_contact_blankaddress_send_swag_error"/>
</testsuite> <!-- TestCase15 -->
