<?xml version="1.0" encoding="UTF-8"?>
<!-- Generated by org.testng.reporters.JUnitXMLReporter -->
<testsuite hostname="PFL-TEST" ignored="0" name="TestCase5" tests="3" failures="0" timestamp="08 May 2019 07:55:11 GMT" time="462.936" errors="0">
  <testcase name="TS05_DataSet_Creation" time="251.383" classname="com.pfl.automation.org62.testcases.TS05_Administration_Multiple_product"/>
  <testcase name="TS05_01_verifying_send_swag_with_campaign_association" time="138.107" classname="com.pfl.automation.org62.testcases.TS05_Administration_Multiple_product"/>
  <testcase name="TS05_DataSet_Reset" time="61.297" classname="com.pfl.automation.org62.testcases.TS05_Administration_Multiple_product"/>
</testsuite> <!-- TestCase5 -->
