<?xml version="1.0" encoding="UTF-8"?>
<!-- Generated by org.testng.reporters.JUnitXMLReporter -->
<testsuite hostname="PFL-TEST" ignored="0" name="TestCase3" tests="4" failures="0" timestamp="08 May 2019 07:41:36 GMT" time="434.47" errors="0">
  <testcase name="TS03_DataSet_Creation" time="182.039" classname="com.pfl.automation.org62.testcases.TS03_Verify_order_on_contact_and_account"/>
  <testcase name="TS03_01_verifying_contact_address_send_swag" time="96.41" classname="com.pfl.automation.org62.testcases.TS03_Verify_order_on_contact_and_account"/>
  <testcase name="TS03_02_verifying_account_address_end_swag" time="84.034" classname="com.pfl.automation.org62.testcases.TS03_Verify_order_on_contact_and_account"/>
  <testcase name="TS03_DataReset" time="60.976" classname="com.pfl.automation.org62.testcases.TS03_Verify_order_on_contact_and_account"/>
</testsuite> <!-- TestCase3 -->
