<?xml version="1.0" encoding="UTF-8"?>
<!-- Generated by org.testng.reporters.JUnitXMLReporter -->
<testsuite hostname="PFL-TEST" ignored="0" name="TestCase20" tests="1" failures="0" timestamp="08 May 2019 08:25:19 GMT" time="100.539" errors="0">
  <testcase name="TS_20_01_Verify_validation_message_displayed_user_if_no_program_associated_to_user_on_send_swag_screen" time="89.314" classname="com.pfl.automation.org62.testcases.TS_20_send_swag_validation_message"/>
</testsuite> <!-- TestCase20 -->
