<?xml version="1.0" encoding="UTF-8"?>
<!-- Generated by org.testng.reporters.JUnitXMLReporter -->
<testsuite hostname="PFL-TEST" ignored="0" name="TestCase16" tests="3" failures="0" timestamp="08 May 2019 08:22:01 GMT" time="376.258" errors="0">
  <testcase name="TS_16_DataSet_Creation" time="181.956" classname="com.pfl.automation.org62.testcases.TS16_Contact_length_validation_on_custom_address"/>
  <testcase name="TS_16_01_Contact_length_validation_on_custom_address" time="125.479" classname="com.pfl.automation.org62.testcases.TS16_Contact_length_validation_on_custom_address"/>
  <testcase name="TS_16_DataSet_Reset" time="58.953" classname="com.pfl.automation.org62.testcases.TS16_Contact_length_validation_on_custom_address"/>
</testsuite> <!-- TestCase16 -->
